
2020-11-18 06:16:33...installerHook: Info: custom/install/install_hooks.php not present, no custom hooks to execute
2020-11-18 06:16:37...Begin System Check Process *************
2020-11-18 06:16:37...XML Parsing Support Found
2020-11-18 06:16:37...JSON Parsing Support Found
2020-11-18 06:16:37...MBString Support Found
2020-11-18 06:16:37...ZIP Support Found
2020-11-18 06:16:37.../custom directory and subdirectory check passed
2020-11-18 06:16:37...cache directory and subdirectory check passed
2020-11-18 06:16:37.../module  directory and subdirectory check passed
2020-11-18 06:16:37.../upload directory check passed
2020-11-18 06:16:37.../zip check passed
2020-11-18 06:16:37...PCRE version check passed
2020-11-18 06:16:37...installerHook: Info: custom/install/install_hooks.php not present, no custom hooks to execute
2020-11-18 06:16:37...php.ini location found. /Applications/XAMPP/xamppfiles/etc/php.ini
2020-11-18 06:16:37...Outputting HTML for System check
2020-11-18 06:16:37...No Errors were found *************
2020-11-18 06:16:37...installerHook: Info: custom/install/install_hooks.php not present, no custom hooks to execute
2020-11-18 06:17:08...installerHook: Info: custom/install/install_hooks.php not present, no custom hooks to execute
2020-11-18 06:20:49...Begin System Check Process *************
2020-11-18 06:20:49...XML Parsing Support Found
2020-11-18 06:20:49...JSON Parsing Support Found
2020-11-18 06:20:49...MBString Support Found
2020-11-18 06:20:49...ZIP Support Found
2020-11-18 06:20:49.../custom directory and subdirectory check passed
2020-11-18 06:20:49...cache directory and subdirectory check passed
2020-11-18 06:20:49.../module  directory and subdirectory check passed
2020-11-18 06:20:49.../upload directory check passed
2020-11-18 06:20:49.../zip check passed
2020-11-18 06:20:49...PCRE version check passed
2020-11-18 06:20:49...installerHook: Info: custom/install/install_hooks.php not present, no custom hooks to execute
2020-11-18 06:20:49...php.ini location found. /Applications/XAMPP/xamppfiles/etc/php.ini
2020-11-18 06:20:49...Outputting HTML for System check
2020-11-18 06:20:49...No Errors were found *************
2020-11-18 06:20:49...installerHook: Info: custom/install/install_hooks.php not present, no custom hooks to execute
2020-11-18 06:33:47...installerHook: Info: custom/install/install_hooks.php not present, no custom hooks to execute
2020-11-18 06:33:52...installerHook: Info: custom/install/install_hooks.php not present, no custom hooks to execute
2020-11-18 06:33:56...Begin System Check Process *************
2020-11-18 06:33:56...XML Parsing Support Found
2020-11-18 06:33:56...JSON Parsing Support Found
2020-11-18 06:33:56...MBString Support Found
2020-11-18 06:33:56...ZIP Support Found
2020-11-18 06:33:56.../custom directory and subdirectory check passed
2020-11-18 06:33:56...cache directory and subdirectory check passed
2020-11-18 06:33:56.../module  directory and subdirectory check passed
2020-11-18 06:33:56.../upload directory check passed
2020-11-18 06:33:56.../zip check passed
2020-11-18 06:33:56...PCRE version check passed
2020-11-18 06:33:56...installerHook: Info: custom/install/install_hooks.php not present, no custom hooks to execute
2020-11-18 06:33:56...php.ini location found. /Applications/XAMPP/xamppfiles/etc/php.ini
2020-11-18 06:33:56...Outputting HTML for System check
2020-11-18 06:33:56...No Errors were found *************
2020-11-18 06:33:56...installerHook: Info: custom/install/install_hooks.php not present, no custom hooks to execute
2020-11-18 06:35:56...installerHook: Info: custom/install/install_hooks.php not present, no custom hooks to execute
2020-11-18 06:36:11...Begin System Check Process *************
2020-11-18 06:36:11...XML Parsing Support Found
2020-11-18 06:36:11...JSON Parsing Support Found
2020-11-18 06:36:11...MBString Support Found
2020-11-18 06:36:11...ZIP Support Found
2020-11-18 06:36:11.../custom directory and subdirectory check passed
2020-11-18 06:36:11...cache directory and subdirectory check passed
2020-11-18 06:36:11.../module  directory and subdirectory check passed
2020-11-18 06:36:11.../upload directory check passed
2020-11-18 06:36:11.../zip check passed
2020-11-18 06:36:11...PCRE version check passed
2020-11-18 06:36:11...installerHook: Info: custom/install/install_hooks.php not present, no custom hooks to execute
2020-11-18 06:36:11...php.ini location found. /Applications/XAMPP/xamppfiles/etc/php.ini
2020-11-18 06:36:11...Outputting HTML for System check
2020-11-18 06:36:11...No Errors were found *************
2020-11-18 06:36:11...installerHook: Info: custom/install/install_hooks.php not present, no custom hooks to execute
2020-11-18 06:40:44...installerHook: Info: custom/install/install_hooks.php not present, no custom hooks to execute
2020-11-18 06:40:51...Begin System Check Process *************
2020-11-18 06:40:51...XML Parsing Support Found
2020-11-18 06:40:51...JSON Parsing Support Found
2020-11-18 06:40:51...MBString Support Found
2020-11-18 06:40:51...ZIP Support Found
2020-11-18 06:40:51.../custom directory and subdirectory check passed
2020-11-18 06:40:51...cache directory and subdirectory check passed
2020-11-18 06:40:51.../module  directory and subdirectory check passed
2020-11-18 06:40:51.../upload directory check passed
2020-11-18 06:40:51.../zip check passed
2020-11-18 06:40:51...PCRE version check passed
2020-11-18 06:40:51...installerHook: Info: custom/install/install_hooks.php not present, no custom hooks to execute
2020-11-18 06:40:51...php.ini location found. /Applications/XAMPP/xamppfiles/etc/php.ini
2020-11-18 06:40:51...Outputting HTML for System check
2020-11-18 06:40:51...No Errors were found *************
2020-11-18 06:40:52...installerHook: Info: custom/install/install_hooks.php not present, no custom hooks to execute
2020-11-18 06:49:02...installerHook: Info: custom/install/install_hooks.php not present, no custom hooks to execute
2020-11-18 06:49:11...installerHook: Info: custom/install/install_hooks.php not present, no custom hooks to execute
2020-11-18 06:55:59...installerHook: Info: custom/install/install_hooks.php not present, no custom hooks to execute
2020-11-18 06:56:02...Begin System Check Process *************
2020-11-18 06:56:02...XML Parsing Support Found
2020-11-18 06:56:02...JSON Parsing Support Found
2020-11-18 06:56:02...MBString Support Found
2020-11-18 06:56:02...ZIP Support Found
2020-11-18 06:56:02.../custom directory and subdirectory check passed
2020-11-18 06:56:02...cache directory and subdirectory check passed
2020-11-18 06:56:02.../module  directory and subdirectory check passed
2020-11-18 06:56:02.../upload directory check passed
2020-11-18 06:56:02.../zip check passed
2020-11-18 06:56:02...PCRE version check passed
2020-11-18 06:56:02...installerHook: Info: custom/install/install_hooks.php not present, no custom hooks to execute
2020-11-18 06:56:02...php.ini location found. /Applications/XAMPP/xamppfiles/etc/php.ini
2020-11-18 06:56:02...Outputting HTML for System check
2020-11-18 06:56:02...No Errors were found *************
2020-11-18 06:56:02...installerHook: Info: custom/install/install_hooks.php not present, no custom hooks to execute
2020-11-18 06:56:07...installerHook: Info: custom/install/install_hooks.php not present, no custom hooks to execute